[00:08:05] [Netty Client IO #1/ERROR]: Unknown message ID: ftbchunks:send_player_position
[00:08:06] [Netty Client IO #1/ERROR]: Unknown message ID: ftbchunks:send_player_position
[00:08:07] [Netty Client IO #1/ERROR]: Unknown message ID: ftbchunks:send_player_position
[00:08:09] [Netty Client IO #1/ERROR]: Unknown message ID: ftbchunks:send_player_position
[00:08:15] [Netty Client IO #1/ERROR]: Unknown message ID: ftbchunks:send_player_position
[00:08:18] [Netty Client IO #1/ERROR]: Unknown message ID: ftbchunks:send_player_position
[00:08:19] [Netty Client IO #1/ERROR]: Unknown message ID: ftbchunks:send_player_position
[00:08:21] [Netty Client IO #1/ERROR]: Unknown message ID: ftbchunks:send_player_position
[00:08:23] [Netty Client IO #1/ERROR]: Unknown message ID: ftbchunks:send_player_position
[00:08:24] [Netty Client IO #1/ERROR]: Unknown message ID: ftbchunks:send_player_position
[00:08:25] [Netty Client IO #1/ERROR]: Unknown message ID: ftbchunks:send_player_position
[00:08:26] [Netty Client IO #1/ERROR]: Unknown message ID: ftbchunks:send_player_position
[00:08:30] [Netty Client IO #1/ERROR]: Unknown message ID: ftbchunks:send_player_position
[00:08:36] [Netty Client IO #1/ERROR]: Unknown message ID: ftbchunks:send_player_position
[00:08:37] [Netty Client IO #1/ERROR]: Unknown message ID: ftbchunks:send_player_position
[00:08:39] [Netty Client IO #1/ERROR]: Unknown message ID: ftbchunks:send_player_position
[00:08:44] [Netty Client IO #1/ERROR]: Unknown message ID: ftbchunks:send_player_position
[00:08:50] [Netty Client IO #1/ERROR]: Unknown message ID: ftbchunks:send_player_position
[00:08:51] [Netty Client IO #1/ERROR]: Unknown message ID: ftbchunks:send_player_position
[00:08:53] [Netty Client IO #1/ERROR]: Unknown message ID: ftbchunks:send_player_position
[00:08:54] [Netty Client IO #1/ERROR]: Unknown message ID: ftbchunks:send_player_position
[00:08:56] [Netty Client IO #1/ERROR]: Unknown message ID: ftbchunks:send_player_position
[00:08:57] [Netty Client IO #1/ERROR]: Unknown message ID: ftbchunks:send_player_position
[00:08:59] [Netty Client IO #1/ERROR]: Unknown message ID: ftbchunks:send_player_position
[00:09:00] [Netty Client IO #1/ERROR]: Unknown message ID: ftbchunks:send_player_position
[00:09:01] [Netty Client IO #1/ERROR]: Unknown message ID: ftbchunks:send_player_position
[00:09:03] [Netty Client IO #1/ERROR]: Unknown message ID: ftbchunks:send_player_position
[00:09:04] [Netty Client IO #1/ERROR]: Unknown message ID: ftbchunks:send_player_position
[00:09:05] [Netty Client IO #1/ERROR]: Unknown message ID: ftbchunks:send_player_position
[00:09:06] [Netty Client IO #1/ERROR]: Unknown message ID: ftbchunks:send_player_position
[00:09:07] [Netty Client IO #1/ERROR]: Unknown message ID: ftbchunks:send_player_position
[00:15:55] [Netty Client IO #1/ERROR]: Unknown message ID: ftbchunks:send_player_position
[00:15:59] [Render thread/INFO]: [System] [CHAT] Sakatarina is now in bed. - 1/2 (50%)
[00:15:59] [Netty Client IO #1/ERROR]: Unknown message ID: ftbchunks:send_player_position
[00:16:04] [Render thread/INFO]: [System] [CHAT] Good Morning
[00:16:07] [Render thread/INFO]: [System] [CHAT] Respawn point set
[00:16:07] [Netty Client IO #1/ERROR]: Unknown message ID: ftbchunks:send_player_position
[00:16:08] [Render thread/INFO]: [System] [CHAT] DJBaka is now in bed. - 1/2 (50%)
[00:16:08] [Netty Client IO #1/ERROR]: Unknown message ID: ftbchunks:send_player_position
[00:16:12] [Render thread/INFO]: [System] [CHAT] Good Morning
[00:16:12] [Netty Client IO #1/ERROR]: Unknown message ID: ftbchunks:send_player_position
[00:16:14] [Netty Client IO #1/ERROR]: Unknown message ID: ftbchunks:send_player_position
[00:16:19] [Render thread/INFO]: [System] [CHAT] DJBaka is now in bed. - 1/2 (50%)
[00:16:19] [Render thread/INFO]: [System] [CHAT] Sakatarina is now in bed. - 2/2 (100%)
[00:16:19] [Render thread/INFO]: [System] [CHAT] Good Morning
[00:16:19] [Render thread/INFO]: [System] [CHAT] DJBaka has reached the goal [What a Dream!]
[00:16:19] [Render thread/INFO]: Loaded 1442 advancements
[00:16:26] [Netty Client IO #1/ERROR]: Unknown message ID: ftbchunks:send_player_position
[00:16:27] [Netty Client IO #1/ERROR]: Unknown message ID: ftbchunks:send_player_position
[00:16:29] [Netty Client IO #1/ERROR]: Unknown message ID: ftbchunks:send_player_position
[00:16:30] [Netty Client IO #1/ERROR]: Unknown message ID: ftbchunks:send_player_position
[00:16:31] [Netty Client IO #1/ERROR]: Unknown message ID: ftbchunks:send_player_position
[00:16:34] [Netty Client IO #1/ERROR]: Unknown message ID: ftbchunks:send_player_position
[00:16:37] [Netty Client IO #1/ERROR]: Unknown message ID: ftbchunks:send_player_position
[00:16:39] [Netty Client IO #1/ERROR]: Unknown message ID: ftbchunks:send_player_position
[00:16:40] [Netty Client IO #1/ERROR]: Unknown message ID: ftbchunks:send_player_position
[00:16:42] [Netty Client IO #1/ERROR]: Unknown message ID: ftbchunks:send_player_position
[00:16:45] [Netty Client IO #1/ERROR]: Unknown message ID: ftbchunks:send_player_position
[00:16:46] [Netty Client IO #1/ERROR]: Unknown message ID: ftbchunks:send_player_position
[00:16:52] [Netty Client IO #1/ERROR]: Unknown message ID: ftbchunks:send_player_position
[00:16:54] [Netty Client IO #1/ERROR]: Unknown message ID: ftbchunks:send_player_position
[00:16:56] [Netty Client IO #1/ERROR]: Unknown message ID: ftbchunks:send_player_position
[00:17:00] [Netty Client IO #1/ERROR]: Unknown message ID: ftbchunks:send_player_position
[00:17:01] [Netty Client IO #1/ERROR]: Unknown message ID: ftbchunks:send_player_position
[00:17:04] [Netty Client IO #1/ERROR]: Unknown message ID: ftbchunks:send_player_position
[00:17:05] [Netty Client IO #1/ERROR]: Unknown message ID: ftbchunks:send_player_position
[00:17:06] [Netty Client IO #1/ERROR]: Unknown message ID: ftbchunks:send_player_position
[00:17:07] [Netty Client IO #1/ERROR]: Unknown message ID: ftbchunks:send_player_position
[00:17:08] [Netty Client IO #1/ERROR]: Unknown message ID: ftbchunks:send_player_position
[00:17:09] [Netty Client IO #1/ERROR]: Unknown message ID: ftbchunks:send_player_position
[00:17:10] [Netty Client IO #1/ERROR]: Unknown message ID: ftbchunks:send_player_position
[00:17:11] [Netty Client IO #1/ERROR]: Unknown message ID: ftbchunks:send_player_position
[00:17:12] [Netty Client IO #1/ERROR]: Unknown message ID: ftbchunks:send_player_position
[00:17:13] [Netty Client IO #1/ERROR]: Unknown message ID: ftbchunks:send_player_position
[00:17:15] [Netty Client IO #1/ERROR]: Unknown message ID: ftbchunks:send_player_position
[00:17:16] [Netty Client IO #1/ERROR]: Unknown message ID: ftbchunks:send_player_position
[00:17:18] [Netty Client IO #1/ERROR]: Unknown message ID: ftbchunks:send_player_position
[00:17:19] [Netty Client IO #1/ERROR]: Unknown message ID: ftbchunks:send_player_position
[00:17:21] [Netty Client IO #1/ERROR]: Unknown message ID: ftbchunks:send_player_position
[00:17:23] [Netty Client IO #1/ERROR]: Unknown message ID: ftbchunks:send_player_position
[00:17:24] [Netty Client IO #1/ERROR]: Unknown message ID: ftbchunks:send_player_position
[00:17:25] [Netty Client IO #1/ERROR]: Unknown message ID: ftbchunks:send_player_position
[00:17:26] [Netty Client IO #1/ERROR]: Unknown message ID: ftbchunks:send_player_position
[00:17:27] [Netty Client IO #1/ERROR]: Unknown message ID: ftbchunks:send_player_position
[00:17:28] [Netty Client IO #1/ERROR]: Unknown message ID: ftbchunks:send_player_position
[00:17:29] [Netty Client IO #1/ERROR]: Unknown message ID: ftbchunks:send_player_position
[00:17:30] [Netty Client IO #1/ERROR]: Unknown message ID: ftbchunks:send_player_position
[00:17:31] [Netty Client IO #1/ERROR]: Unknown message ID: ftbchunks:send_player_position
[00:17:32] [Netty Client IO #1/ERROR]: Unknown message ID: ftbchunks:send_player_position
[00:17:33] [Netty Client IO #1/ERROR]: Unknown message ID: ftbchunks:send_player_position
[00:17:34] [Netty Client IO #1/ERROR]: Unknown message ID: ftbchunks:send_player_position
[00:17:35] [Netty Client IO #1/ERROR]: Unknown message ID: ftbchunks:send_player_position
[00:17:36] [Netty Client IO #1/ERROR]: Unknown message ID: ftbchunks:send_player_position
[00:17:38] [Netty Client IO #1/ERROR]: Unknown message ID: ftbchunks:send_player_position
[00:17:57] [Netty Client IO #1/ERROR]: Unknown message ID: ftbchunks:send_player_position
[00:17:58] [Netty Client IO #1/ERROR]: Unknown message ID: ftbchunks:send_player_position
[00:17:59] [Netty Client IO #1/ERROR]: Unknown message ID: ftbchunks:send_player_position
[00:18:01] [Netty Client IO #1/ERROR]: Unknown message ID: ftbchunks:send_player_position
[00:18:03] [Netty Client IO #1/ERROR]: Unknown message ID: ftbchunks:send_player_position
[00:18:04] [Netty Client IO #1/ERROR]: Unknown message ID: ftbchunks:send_player_position
[00:18:07] [Netty Client IO #1/ERROR]: Unknown message ID: ftbchunks:send_player_position
[00:18:08] [Netty Client IO #1/ERROR]: Unknown message ID: ftbchunks:send_player_position
[00:18:09] [Netty Client IO #1/ERROR]: Unknown message ID: ftbchunks:send_player_position
[00:18:10] [Netty Client IO #1/ERROR]: Unknown message ID: ftbchunks:send_player_position
[00:18:11] [Netty Client IO #1/ERROR]: Unknown message ID: ftbchunks:send_player_position
[00:18:12] [Netty Client IO #1/ERROR]: Unknown message ID: ftbchunks:send_player_position
[00:18:13] [Netty Client IO #1/ERROR]: Unknown message ID: ftbchunks:send_player_position
[00:18:14] [Netty Client IO #1/ERROR]: Unknown message ID: ftbchunks:send_player_position
[00:18:22] [Netty Client IO #1/ERROR]: Unknown message ID: ftbchunks:send_player_position
[00:18:29] [Netty Client IO #1/ERROR]: Unknown message ID: ftbchunks:send_player_position
[00:18:38] [Netty Client IO #1/ERROR]: Unknown message ID: ftbchunks:send_player_position
[00:18:39] [Netty Client IO #1/ERROR]: Unknown message ID: ftbchunks:send_player_position
[00:18:41] [Netty Client IO #1/ERROR]: Unknown message ID: ftbchunks:send_player_position
[00:18:43] [Netty Client IO #1/ERROR]: Unknown message ID: ftbchunks:send_player_position
[00:18:45] [Netty Client IO #1/ERROR]: Unknown message ID: ftbchunks:send_player_position
[00:18:46] [Netty Client IO #1/ERROR]: Unknown message ID: ftbchunks:send_player_position
[00:18:47] [Netty Client IO #1/ERROR]: Unknown message ID: ftbchunks:send_player_position
[00:18:49] [Netty Client IO #1/ERROR]: Unknown message ID: ftbchunks:send_player_position
[00:18:50] [Netty Client IO #1/ERROR]: Unknown message ID: ftbchunks:send_player_position
[00:18:51] [Netty Client IO #1/ERROR]: Unknown message ID: ftbchunks:send_player_position
[00:18:52] [Netty Client IO #1/ERROR]: Unknown message ID: ftbchunks:send_player_position
[00:18:53] [Netty Client IO #1/ERROR]: Unknown message ID: ftbchunks:send_player_position
[00:18:56] [Netty Client IO #1/ERROR]: Unknown message ID: ftbchunks:send_player_position
[00:19:00] [Netty Client IO #1/ERROR]: Unknown message ID: ftbchunks:send_player_position
[00:19:08] [Netty Client IO #1/ERROR]: Unknown message ID: ftbchunks:send_player_position
[00:19:09] [Netty Client IO #1/ERROR]: Unknown message ID: ftbchunks:send_player_position
[00:19:12] [Netty Client IO #1/ERROR]: Unknown message ID: ftbchunks:send_player_position
[00:19:16] [Netty Client IO #1/ERROR]: Unknown message ID: ftbchunks:send_player_position
[00:19:17] [Netty Client IO #1/ERROR]: Unknown message ID: ftbchunks:send_player_position
[00:19:18] [Netty Client IO #1/ERROR]: Unknown message ID: ftbchunks:send_player_position
[00:19:19] [Netty Client IO #1/ERROR]: Unknown message ID: ftbchunks:send_player_position
[00:19:20] [Netty Client IO #1/ERROR]: Unknown message ID: ftbchunks:send_player_position
[00:19:23] [Netty Client IO #1/ERROR]: Unknown message ID: ftbchunks:send_player_position
[00:19:24] [Netty Client IO #1/ERROR]: Unknown message ID: ftbchunks:send_player_position
[00:19:25] [Netty Client IO #1/ERROR]: Unknown message ID: ftbchunks:send_player_position
[00:19:29] [Netty Client IO #1/ERROR]: Unknown message ID: ftbchunks:send_player_position
[00:19:31] [Netty Client IO #1/ERROR]: Unknown message ID: ftbchunks:send_player_position
[00:19:33] [Netty Client IO #1/ERROR]: Unknown message ID: ftbchunks:send_player_position
[00:19:39] [Netty Client IO #1/ERROR]: Unknown message ID: ftbchunks:send_player_position
[00:19:42] [Netty Client IO #1/ERROR]: Unknown message ID: ftbchunks:send_player_position
[00:19:45] [Netty Client IO #1/ERROR]: Unknown message ID: ftbchunks:send_player_position
[00:19:51] [Netty Client IO #1/ERROR]: Unknown message ID: ftbchunks:send_player_position
[00:19:55] [Netty Client IO #1/ERROR]: Unknown message ID: ftbchunks:send_player_position
[00:19:58] [Netty Client IO #1/ERROR]: Unknown message ID: ftbchunks:send_player_position
[00:19:59] [Netty Client IO #1/ERROR]: Unknown message ID: ftbchunks:send_player_position
[00:20:00] [Netty Client IO #1/ERROR]: Unknown message ID: ftbchunks:send_player_position
[00:20:02] [Netty Client IO #1/ERROR]: Unknown message ID: ftbchunks:send_player_position
[00:20:06] [Netty Client IO #1/ERROR]: Unknown message ID: ftbchunks:send_player_position
[00:20:11] [Netty Client IO #1/ERROR]: Unknown message ID: ftbchunks:send_player_position
[00:20:15] [Netty Client IO #1/ERROR]: Unknown message ID: ftbchunks:send_player_position
[00:20:17] [Netty Client IO #1/ERROR]: Unknown message ID: ftbchunks:send_player_position
[00:20:20] [Netty Client IO #1/ERROR]: Unknown message ID: ftbchunks:send_player_position
[00:20:25] [Netty Client IO #1/ERROR]: Unknown message ID: ftbchunks:send_player_position
[00:20:30] [Netty Client IO #1/ERROR]: Unknown message ID: ftbchunks:send_player_position
[00:20:36] [Netty Client IO #1/ERROR]: Unknown message ID: ftbchunks:send_player_position
[00:20:39] [Netty Client IO #1/ERROR]: Unknown message ID: ftbchunks:send_player_position
[00:20:40] [Netty Client IO #1/ERROR]: Unknown message ID: ftbchunks:send_player_position
[00:20:41] [Netty Client IO #1/ERROR]: Unknown message ID: ftbchunks:send_player_position
[00:20:48] [Netty Client IO #1/ERROR]: Unknown message ID: ftbchunks:send_player_position
[00:20:54] [Netty Client IO #1/ERROR]: Unknown message ID: ftbchunks:send_player_position
[00:20:58] [Netty Client IO #1/ERROR]: Unknown message ID: ftbchunks:send_player_position
[00:21:02] [Netty Client IO #1/ERROR]: Unknown message ID: ftbchunks:send_player_position
[00:21:05] [Netty Client IO #1/ERROR]: Unknown message ID: ftbchunks:send_player_position
[00:21:08] [Netty Client IO #1/ERROR]: Unknown message ID: ftbchunks:send_player_position
[00:21:11] [Netty Client IO #1/ERROR]: Unknown message ID: ftbchunks:send_player_position
[00:21:15] [Netty Client IO #1/ERROR]: Unknown message ID: ftbchunks:send_player_position
[00:21:18] [Netty Client IO #1/ERROR]: Unknown message ID: ftbchunks:send_player_position
[00:21:20] [Netty Client IO #1/ERROR]: Unknown message ID: ftbchunks:send_player_position
[00:21:23] [Netty Client IO #1/ERROR]: Unknown message ID: ftbchunks:send_player_position
[00:21:46] [Netty Client IO #1/ERROR]: Unknown message ID: ftbchunks:send_player_position
[00:21:57] [Netty Client IO #1/ERROR]: Unknown message ID: ftbchunks:send_player_position
[00:21:59] [Netty Client IO #1/ERROR]: Unknown message ID: ftbchunks:send_player_position
[00:22:01] [Netty Client IO #1/ERROR]: Unknown message ID: ftbchunks:send_player_position
[00:22:08] [Netty Client IO #1/ERROR]: Unknown message ID: ftbchunks:send_player_position
[00:22:14] [Netty Client IO #1/ERROR]: Unknown message ID: ftbchunks:send_player_position
[00:22:17] [Netty Client IO #1/ERROR]: Unknown message ID: ftbchunks:send_player_position
[00:22:19] [Netty Client IO #1/ERROR]: Unknown message ID: ftbchunks:send_player_position
[00:22:21] [Netty Client IO #1/ERROR]: Unknown message ID: ftbchunks:send_player_position
[00:22:30] [Netty Client IO #1/ERROR]: Unknown message ID: ftbchunks:send_player_position
[00:22:36] [Netty Client IO #1/ERROR]: Unknown message ID: ftbchunks:send_player_position
[00:22:39] [Netty Client IO #1/ERROR]: Unknown message ID: ftbchunks:send_player_position
[00:22:46] [Netty Client IO #1/ERROR]: Unknown message ID: ftbchunks:send_player_position
[00:22:49] [Netty Client IO #1/ERROR]: Unknown message ID: ftbchunks:send_player_position
[00:22:51] [Netty Client IO #1/ERROR]: Unknown message ID: ftbchunks:send_player_position
[00:22:54] [Netty Client IO #1/ERROR]: Unknown message ID: ftbchunks:send_player_position
[00:23:00] [Netty Client IO #1/ERROR]: Unknown message ID: ftbchunks:send_player_position
[00:23:05] [Netty Client IO #1/ERROR]: Unknown message ID: ftbchunks:send_player_position
[00:23:11] [Netty Client IO #1/ERROR]: Unknown message ID: ftbchunks:send_player_position
[00:23:23] [Netty Client IO #1/ERROR]: Unknown message ID: ftbchunks:send_player_position
[00:23:36] [Netty Client IO #1/ERROR]: Unknown message ID: ftbchunks:send_player_position
[00:23:37] [Netty Client IO #1/ERROR]: Unknown message ID: ftbchunks:send_player_position
[00:23:49] [Netty Client IO #1/ERROR]: Unknown message ID: ftbchunks:send_player_position
[00:23:51] [Netty Client IO #1/ERROR]: Unknown message ID: ftbchunks:send_player_position
[00:23:56] [Netty Client IO #1/ERROR]: Unknown message ID: ftbchunks:send_player_position
[00:24:07] [Netty Client IO #1/ERROR]: Unknown message ID: ftbchunks:send_player_position
[00:24:24] [Netty Client IO #1/ERROR]: Unknown message ID: ftbchunks:send_player_position
[00:24:27] [Netty Client IO #1/ERROR]: Unknown message ID: ftbchunks:send_player_position
[00:24:34] [Netty Client IO #1/ERROR]: Unknown message ID: ftbchunks:send_player_position
[00:24:40] [Netty Client IO #1/ERROR]: Unknown message ID: ftbchunks:send_player_position
[00:24:46] [Netty Client IO #1/ERROR]: Unknown message ID: ftbchunks:send_player_position
[00:24:51] [Netty Client IO #1/ERROR]: Unknown message ID: ftbchunks:send_player_position
[00:24:58] [Netty Client IO #1/ERROR]: Unknown message ID: ftbchunks:send_player_position
[00:27:49] [Render thread/INFO]: Loaded 1469 advancements
[00:31:23] [Render thread/INFO]: [System] [CHAT] Sakatarina is now in bed. - 1/2 (50%)
[00:31:28] [Render thread/INFO]: [System] [CHAT] Good Morning
[00:31:37] [Render thread/INFO]: [System] [CHAT] Sakatarina is now in bed. - 1/2 (50%)
[00:31:42] [Render thread/INFO]: [System] [CHAT] Good Morning
[00:31:48] [Render thread/INFO]: [System] [CHAT] Sakatarina is now in bed. - 1/2 (50%)
[00:31:53] [Render thread/INFO]: [System] [CHAT] Good Morning
[00:31:53] [Render thread/INFO]: [System] [CHAT] Respawn point set
[00:31:54] [Render thread/INFO]: [System] [CHAT] DJBaka is now in bed. - 1/2 (50%)
[00:31:58] [Render thread/INFO]: [System] [CHAT] Good Morning
[00:32:04] [Render thread/INFO]: [System] [CHAT] Respawn point set
[00:32:05] [Render thread/INFO]: [System] [CHAT] Sakatarina is now in bed. - 1/2 (50%)
[00:32:10] [Render thread/INFO]: [System] [CHAT] Good Morning
[00:39:33] [Render thread/WARN]: Mod(s) [sodiumoptionsapi, sodiumdynamiclights] are modifying Embeddium class org.embeddedt.embeddium.gui.EmbeddiumVideoOptionsScreen, which may cause instability.
[00:39:33] [Render thread/WARN]: Mod(s) [sodiumoptionsapi] are modifying Embeddium class me.jellysquid.mods.sodium.client.gui.options.OptionGroup, which may cause instability.
[00:39:33] [Render thread/WARN]: Mod(s) [sodiumoptionsapi] are modifying Embeddium class me.jellysquid.mods.sodium.client.gui.options.OptionGroup$Builder, which may cause instability.
[00:39:33] [Render thread/WARN]: Mod(s) [sodiumoptionsapi] are modifying Embeddium class me.jellysquid.mods.sodium.client.gui.options.OptionPage, which may cause instability.
[00:39:33] [Render thread/WARN]: Id must be specified in OptionPage: 'General'
[00:39:33] [Render thread/WARN]: Id must be specified in OptionPage: 'Quality'
[00:39:33] [Render thread/WARN]: Id must be specified in OptionPage: 'Performance'
[00:39:33] [Render thread/WARN]: Id must be specified in OptionPage: 'Advanced'
[00:39:33] [Render thread/WARN]: Mod(s) [sodiumoptionsapi] are modifying Embeddium class me.jellysquid.mods.sodium.client.gui.widgets.FlatButtonWidget, which may cause instability.
[00:39:38] [Render thread/INFO]: Flushed changes to Embeddium configuration
[00:42:55] [Netty Client IO #1/ERROR]: Unknown message ID: ftbchunks:send_player_position
[00:43:07] [Netty Client IO #1/ERROR]: Unknown message ID: ftbchunks:send_player_position
[00:43:11] [Netty Client IO #1/ERROR]: Unknown message ID: ftbchunks:send_player_position
[00:43:15] [Netty Client IO #1/ERROR]: Unknown message ID: ftbchunks:send_player_position
[00:43:19] [Netty Client IO #1/ERROR]: Unknown message ID: ftbchunks:send_player_position
[00:43:26] [Netty Client IO #1/ERROR]: Unknown message ID: ftbchunks:send_player_position
[00:43:27] [Render thread/INFO]: Loaded 1471 advancements
[00:43:30] [Netty Client IO #1/ERROR]: Unknown message ID: ftbchunks:send_player_position
[00:43:34] [Netty Client IO #1/ERROR]: Unknown message ID: ftbchunks:send_player_position
[00:43:40] [Netty Client IO #1/ERROR]: Unknown message ID: ftbchunks:send_player_position
[00:43:45] [Netty Client IO #1/ERROR]: Unknown message ID: ftbchunks:send_player_position
[00:43:50] [Netty Client IO #1/ERROR]: Unknown message ID: ftbchunks:send_player_position
[00:43:59] [Netty Client IO #1/ERROR]: Unknown message ID: ftbchunks:send_player_position
[00:44:02] [Netty Client IO #1/ERROR]: Unknown message ID: ftbchunks:send_player_position
[00:44:03] [Netty Client IO #1/ERROR]: Unknown message ID: ftbchunks:send_player_position
[00:44:05] [Netty Client IO #1/ERROR]: Unknown message ID: ftbchunks:send_player_position
[00:44:13] [Netty Client IO #1/ERROR]: Unknown message ID: ftbchunks:send_player_position
[00:44:17] [Netty Client IO #1/ERROR]: Unknown message ID: ftbchunks:send_player_position
[00:44:17] [Render thread/INFO]: [System] [CHAT] DJBaka has reached the goal [Finding Common Ground]
[00:44:17] [Render thread/INFO]: Loaded 1472 advancements
[00:44:22] [Netty Client IO #1/ERROR]: Unknown message ID: ftbchunks:send_player_position
[00:44:23] [Netty Client IO #1/ERROR]: Unknown message ID: ftbchunks:send_player_position
[00:44:24] [Netty Client IO #1/ERROR]: Unknown message ID: ftbchunks:send_player_position
[00:44:25] [Netty Client IO #1/ERROR]: Unknown message ID: ftbchunks:send_player_position
[00:44:26] [Netty Client IO #1/ERROR]: Unknown message ID: ftbchunks:send_player_position
[00:44:27] [Netty Client IO #1/ERROR]: Unknown message ID: ftbchunks:send_player_position
[00:44:28] [Netty Client IO #1/ERROR]: Unknown message ID: ftbchunks:send_player_position
[00:44:29] [Netty Client IO #1/ERROR]: Unknown message ID: ftbchunks:send_player_position
[00:44:31] [Netty Client IO #1/ERROR]: Unknown message ID: ftbchunks:send_player_position
[00:44:33] [Netty Client IO #1/ERROR]: Unknown message ID: ftbchunks:send_player_position
[00:44:36] [Netty Client IO #1/ERROR]: Unknown message ID: ftbchunks:send_player_position
[00:44:43] [Netty Client IO #1/ERROR]: Unknown message ID: ftbchunks:send_player_position
[00:44:45] [Netty Client IO #1/ERROR]: Unknown message ID: ftbchunks:send_player_position
[00:44:47] [Netty Client IO #1/ERROR]: Unknown message ID: ftbchunks:send_player_position
[00:44:51] [Netty Client IO #1/ERROR]: Unknown message ID: ftbchunks:send_player_position
[00:44:53] [Netty Client IO #1/ERROR]: Unknown message ID: ftbchunks:send_player_position
[00:44:56] [Netty Client IO #1/ERROR]: Unknown message ID: ftbchunks:send_player_position
[00:44:59] [Netty Client IO #1/ERROR]: Unknown message ID: ftbchunks:send_player_position
[00:45:03] [Netty Client IO #1/ERROR]: Unknown message ID: ftbchunks:send_player_position
[00:45:05] [Netty Client IO #1/ERROR]: Unknown message ID: ftbchunks:send_player_position
[00:45:07] [Netty Client IO #1/ERROR]: Unknown message ID: ftbchunks:send_player_position
[00:45:08] [Netty Client IO #1/ERROR]: Unknown message ID: ftbchunks:send_player_position
[00:45:09] [Netty Client IO #1/ERROR]: Unknown message ID: ftbchunks:send_player_position
[00:45:10] [Netty Client IO #1/ERROR]: Unknown message ID: ftbchunks:send_player_position
[00:45:14] [Netty Client IO #1/ERROR]: Unknown message ID: ftbchunks:send_player_position
[00:45:15] [Netty Client IO #1/ERROR]: Unknown message ID: ftbchunks:send_player_position
[00:45:16] [Netty Client IO #1/ERROR]: Unknown message ID: ftbchunks:send_player_position
[00:45:21] [Netty Client IO #1/ERROR]: Unknown message ID: ftbchunks:send_player_position
[00:45:22] [Netty Client IO #1/ERROR]: Unknown message ID: ftbchunks:send_player_position
[00:45:24] [Netty Client IO #1/ERROR]: Unknown message ID: ftbchunks:send_player_position
[00:45:25] [Netty Client IO #1/ERROR]: Unknown message ID: ftbchunks:send_player_position
[00:45:26] [Netty Client IO #1/ERROR]: Unknown message ID: ftbchunks:send_player_position
[00:45:28] [Netty Client IO #1/ERROR]: Unknown message ID: ftbchunks:send_player_position
[00:45:29] [Netty Client IO #1/ERROR]: Unknown message ID: ftbchunks:send_player_position
[00:45:30] [Render thread/INFO]: Loaded 1476 advancements
[00:45:31] [Netty Client IO #1/ERROR]: Unknown message ID: ftbchunks:send_player_position
[00:45:32] [Netty Client IO #1/ERROR]: Unknown message ID: ftbchunks:send_player_position
[00:45:34] [Netty Client IO #1/ERROR]: Unknown message ID: ftbchunks:send_player_position
[00:45:35] [Netty Client IO #1/ERROR]: Unknown message ID: ftbchunks:send_player_position
[00:45:38] [Netty Client IO #1/ERROR]: Unknown message ID: ftbchunks:send_player_position
[00:45:41] [Netty Client IO #1/ERROR]: Unknown message ID: ftbchunks:send_player_position
[00:45:42] [Netty Client IO #1/ERROR]: Unknown message ID: ftbchunks:send_player_position
[00:45:52] [Netty Client IO #1/ERROR]: Unknown message ID: ftbchunks:send_player_position
[00:46:01] [Netty Client IO #1/ERROR]: Unknown message ID: ftbchunks:send_player_position
[00:46:07] [Netty Client IO #1/ERROR]: Unknown message ID: ftbchunks:send_player_position
[00:46:18] [Netty Client IO #1/ERROR]: Unknown message ID: ftbchunks:send_player_position
[00:46:25] [Netty Client IO #1/ERROR]: Unknown message ID: ftbchunks:send_player_position
[00:46:27] [Netty Client IO #1/ERROR]: Unknown message ID: ftbchunks:send_player_position
[00:46:31] [Netty Client IO #1/ERROR]: Unknown message ID: ftbchunks:send_player_position
[00:46:35] [Netty Client IO #1/ERROR]: Unknown message ID: ftbchunks:send_player_position
[00:46:41] [Netty Client IO #1/ERROR]: Unknown message ID: ftbchunks:send_player_position
[00:46:53] [Netty Client IO #1/ERROR]: Unknown message ID: ftbchunks:send_player_position
[00:46:56] [Netty Client IO #1/ERROR]: Unknown message ID: ftbchunks:send_player_position
[00:47:01] [Netty Client IO #1/ERROR]: Unknown message ID: ftbchunks:send_player_position
[00:47:04] [Netty Client IO #1/ERROR]: Unknown message ID: ftbchunks:send_player_position
[00:47:06] [Netty Client IO #1/ERROR]: Unknown message ID: ftbchunks:send_player_position
[00:47:08] [Netty Client IO #1/ERROR]: Unknown message ID: ftbchunks:send_player_position
[00:47:09] [Netty Client IO #1/ERROR]: Unknown message ID: ftbchunks:send_player_position
[00:47:10] [Netty Client IO #1/ERROR]: Unknown message ID: ftbchunks:send_player_position
[00:47:11] [Netty Client IO #1/ERROR]: Unknown message ID: ftbchunks:send_player_position
[00:47:12] [Netty Client IO #1/ERROR]: Unknown message ID: ftbchunks:send_player_position
[00:47:14] [Netty Client IO #1/ERROR]: Unknown message ID: ftbchunks:send_player_position
[00:47:15] [Netty Client IO #1/ERROR]: Unknown message ID: ftbchunks:send_player_position
[00:47:18] [Netty Client IO #1/ERROR]: Unknown message ID: ftbchunks:send_player_position
[00:47:19] [Netty Client IO #1/ERROR]: Unknown message ID: ftbchunks:send_player_position
[00:47:20] [Netty Client IO #1/ERROR]: Unknown message ID: ftbchunks:send_player_position
[00:47:22] [Netty Client IO #1/ERROR]: Unknown message ID: ftbchunks:send_player_position
[00:47:24] [Netty Client IO #1/ERROR]: Unknown message ID: ftbchunks:send_player_position
[00:47:27] [Netty Client IO #1/ERROR]: Unknown message ID: ftbchunks:send_player_position
[00:47:29] [Netty Client IO #1/ERROR]: Unknown message ID: ftbchunks:send_player_position
[00:47:30] [Netty Client IO #1/ERROR]: Unknown message ID: ftbchunks:send_player_position
[00:47:33] [Netty Client IO #1/ERROR]: Unknown message ID: ftbchunks:send_player_position
[00:47:35] [Netty Client IO #1/ERROR]: Unknown message ID: ftbchunks:send_player_position
[00:47:36] [Netty Client IO #1/ERROR]: Unknown message ID: ftbchunks:send_player_position
[00:47:37] [Netty Client IO #1/ERROR]: Unknown message ID: ftbchunks:send_player_position
[00:47:38] [Netty Client IO #1/ERROR]: Unknown message ID: ftbchunks:send_player_position
[00:47:39] [Netty Client IO #1/ERROR]: Unknown message ID: ftbchunks:send_player_position
[00:47:40] [Netty Client IO #1/ERROR]: Unknown message ID: ftbchunks:send_player_position
[00:47:41] [Netty Client IO #1/ERROR]: Unknown message ID: ftbchunks:send_player_position
[00:47:43] [Netty Client IO #1/ERROR]: Unknown message ID: ftbchunks:send_player_position
[00:47:45] [Netty Client IO #1/ERROR]: Unknown message ID: ftbchunks:send_player_position
[00:47:46] [Netty Client IO #1/ERROR]: Unknown message ID: ftbchunks:send_player_position
[00:47:47] [Netty Client IO #1/ERROR]: Unknown message ID: ftbchunks:send_player_position
[00:47:48] [Netty Client IO #1/ERROR]: Unknown message ID: ftbchunks:send_player_position
[00:47:50] [Netty Client IO #1/ERROR]: Unknown message ID: ftbchunks:send_player_position
[00:47:51] [Netty Client IO #1/ERROR]: Unknown message ID: ftbchunks:send_player_position
[00:47:52] [Netty Client IO #1/ERROR]: Unknown message ID: ftbchunks:send_player_position
[00:48:15] [Render thread/INFO]: Loaded 1476 advancements
[00:49:41] [Render thread/INFO]: Loaded 1476 advancements
[00:50:28] [Netty Client IO #1/ERROR]: Unknown message ID: ftbchunks:send_player_position
[00:50:28] [Render thread/INFO]: [System] [CHAT] Sakatarina left the game
