[00:07:32] [Server thread/INFO]: Constructed recipe list for minecraft:crafting in 14.10 ms. 18524/18952 recipes are parallelized.
[00:11:53] [Server thread/INFO]: Sakatarina has made the advancement [Pic-A-Nic Basket?]
[00:16:05] [Server thread/INFO]: [DJBaka: Set own game mode to Survival Mode]
[00:17:59] [Server thread/INFO]: Sakatarina has made the advancement [Hunt and Gather]
[00:21:48] [Server thread/INFO]: [Sakatarina: Set own game mode to Creative Mode]
[00:22:06] [Server thread/INFO]: [Sakatarina: Set own game mode to Survival Mode]
[00:37:24] [Server thread/INFO]: [Sakatarina: Set own game mode to Creative Mode]
[00:37:40] [Server thread/INFO]: [Sakatarina: Set own game mode to Survival Mode]
[00:38:51] [Server thread/INFO]: Sakatarina has made the advancement [Unbreaking X]
[00:39:20] [RCON Listener #1/INFO]: Thread RCON Client /0:0:0:0:0:0:0:1 started
[00:39:20] [Server thread/INFO]: [Rcon: Stopping the server]
[00:39:20] [RCON Client /0:0:0:0:0:0:0:1 #2/INFO]: Thread RCON Client /0:0:0:0:0:0:0:1 shutting down
[00:39:20] [Server thread/INFO]: [Dynmap] Unloaded 11 components.
[00:39:20] [Server thread/INFO]: [Dynmap] Stopping map renderer...
[00:39:21] [Server thread/INFO]: [Dynmap] Saved 5278 pending tile renders in world 'HetzersCraft'
[00:39:26] [Server thread/INFO]: [Dynmap] Disabled
[00:39:26] [Server thread/INFO]: Stopping server
[00:39:26] [Server thread/INFO]: Saving players
[00:39:27] [Server thread/INFO]: Saving worlds
[00:39:27] [Server thread/INFO]: Saving chunks for level 'ServerLevel[HetzersCraft]'/minecraft:overworld
[00:39:28] [Server thread/INFO]: Saving chunks for level 'ServerLevel[HetzersCraft]'/mahoutsukai:reality_marble
[00:39:28] [Server thread/INFO]: Saving chunks for level 'ServerLevel[HetzersCraft]'/aether:the_aether
[00:39:28] [Server thread/INFO]: Saving chunks for level 'ServerLevel[HetzersCraft]'/undergarden:undergarden
[00:39:28] [Server thread/INFO]: Saving chunks for level 'ServerLevel[HetzersCraft]'/rediscovered:skylands
[00:39:28] [Server thread/INFO]: Saving chunks for level 'ServerLevel[HetzersCraft]'/bloodmagic:dungeon
[00:39:28] [Server thread/INFO]: Saving chunks for level 'ServerLevel[HetzersCraft]'/blue_skies:everbright
[00:39:28] [Server thread/INFO]: Saving chunks for level 'ServerLevel[HetzersCraft]'/twilightforest:twilight_forest
[00:39:28] [Server thread/INFO]: Saving chunks for level 'ServerLevel[HetzersCraft]'/minecraft:the_end
[00:39:28] [Server thread/INFO]: Saving chunks for level 'ServerLevel[HetzersCraft]'/blue_skies:everdawn
[00:39:28] [Server thread/INFO]: Saving chunks for level 'ServerLevel[HetzersCraft]'/deeperdarker:otherside
[00:39:28] [Server thread/INFO]: Saving chunks for level 'ServerLevel[HetzersCraft]'/minecraft:the_nether
[00:39:28] [Server thread/INFO]: ThreadedAnvilChunkStorage (HetzersCraft): All chunks are saved
[00:39:28] [Server thread/INFO]: ThreadedAnvilChunkStorage (reality_marble): All chunks are saved
[00:39:28] [Server thread/INFO]: ThreadedAnvilChunkStorage (the_aether): All chunks are saved
[00:39:28] [Server thread/INFO]: ThreadedAnvilChunkStorage (undergarden): All chunks are saved
[00:39:28] [Server thread/INFO]: ThreadedAnvilChunkStorage (skylands): All chunks are saved
[00:39:28] [Server thread/INFO]: ThreadedAnvilChunkStorage (dungeon): All chunks are saved
[00:39:28] [Server thread/INFO]: ThreadedAnvilChunkStorage (everbright): All chunks are saved
[00:39:28] [Server thread/INFO]: ThreadedAnvilChunkStorage (twilight_forest): All chunks are saved
[00:39:28] [Server thread/INFO]: ThreadedAnvilChunkStorage (DIM1): All chunks are saved
[00:39:28] [Server thread/INFO]: ThreadedAnvilChunkStorage (everdawn): All chunks are saved
[00:39:28] [Server thread/INFO]: ThreadedAnvilChunkStorage (otherside): All chunks are saved
[00:39:28] [Server thread/INFO]: ThreadedAnvilChunkStorage (DIM-1): All chunks are saved
[00:39:28] [Server thread/INFO]: ThreadedAnvilChunkStorage: All dimensions are saved
[00:39:28] [Server thread/INFO]: Unloading server configs...
[00:39:28] [Server thread/INFO]: Finished unloading server configs
[00:39:29] [Server thread/INFO]: Loading JourneyMap Forge Configs
[00:39:29] [Server thread/INFO]: Thread RCON Listener stopped
