[00:58:03] [modloading-worker-0/INFO] ========================================
[00:58:03] [modloading-worker-0/INFO] Minecraft: 1.20.1
[00:58:03] [modloading-worker-0/INFO] Side: server
[00:58:03] [modloading-worker-0/INFO] Development: false
[00:58:03] [modloading-worker-0/INFO] Version: null
[00:58:03] [modloading-worker-0/INFO] Loader:
[00:58:03] [modloading-worker-0/INFO] - Forge: 47.4.0
[00:58:03] [modloading-worker-0/INFO] Dependencies:
[00:58:03] [modloading-worker-0/INFO] - Cloth Config: 11.1.136
[00:58:03] [modloading-worker-0/INFO] - Architectury: 9.2.14
[00:58:03] [modloading-worker-0/INFO] Mixin: 0.8.5
[00:58:03] [modloading-worker-0/INFO] OS: Linux 6.1.0-37-arm64 (aarch64)
[00:58:03] [modloading-worker-0/INFO] Java: 21.0.7 (Eclipse Adoptium)
[00:58:03] [modloading-worker-0/INFO] ========================================
[00:58:03] [modloading-worker-0/INFO] Mods:
[00:58:03] [modloading-worker-0/INFO] - accessories: 1.0.0-beta46+1.20.1
[00:58:03] [modloading-worker-0/INFO] - addonslib: 1.20.1-1.4
[00:58:03] [modloading-worker-0/INFO] - adorabuild_structures: 2.8.0
[00:58:03] [modloading-worker-0/INFO] - aether: 1.20.1-1.5.2-neoforge
[00:58:03] [modloading-worker-0/INFO] - aether_villages: 1.0.7
[00:58:03] [modloading-worker-0/INFO] - aiimprovements: 0.5.2
[00:58:03] [modloading-worker-0/INFO] - alexscaves: 2.0.2
[00:58:03] [modloading-worker-0/INFO] - alexscavesenlightenedcompat: 1.0.1
[00:58:03] [modloading-worker-0/INFO] - alexsdelight: 1.5
[00:58:03] [modloading-worker-0/INFO] - alexsmobs: 1.22.9
[00:58:03] [modloading-worker-0/INFO] - alltheleaks: 0.1.4-beta+1.20.1-forge
[00:58:03] [modloading-worker-0/INFO] - amendments: 1.20-1.2.19
[00:58:03] [modloading-worker-0/INFO] - appleskin: 2.5.1+mc1.20.1
[00:58:03] [modloading-worker-0/INFO] - aquaculture: 2.5.5
[00:58:03] [modloading-worker-0/INFO] - aquaculturedelight: 1.1.1
[00:58:03] [modloading-worker-0/INFO] - archers_paradox: 5.0.0
[00:58:03] [modloading-worker-0/INFO] - architectury: 9.2.14
[00:58:03] [modloading-worker-0/INFO] - ars_elemental: 0.6.7.8
[00:58:03] [modloading-worker-0/INFO] - ars_nouveau: 4.12.6
[00:58:03] [modloading-worker-0/INFO] - artifacts: 9.5.16
[00:58:03] [modloading-worker-0/INFO] - athena: 3.1.2
[00:58:03] [modloading-worker-0/INFO] - atmospheric: 6.1.1
[00:58:03] [modloading-worker-0/INFO] - autumnity: 5.0.2
[00:58:03] [modloading-worker-0/INFO] - balm: 7.3.31
[00:58:03] [modloading-worker-0/INFO] - betterburning: 9.0.2
[00:58:03] [modloading-worker-0/INFO] - bettercombat: 1.8.6+1.20.1
[00:58:03] [modloading-worker-0/INFO] - betterdungeons: 1.20-Forge-4.0.4
[00:58:03] [modloading-worker-0/INFO] - betterendisland: 1.20-Forge-2.0.6
[00:58:03] [modloading-worker-0/INFO] - bettermineshafts: 1.20-Forge-4.0.4
[00:58:03] [modloading-worker-0/INFO] - betterstrongholds: 1.20-Forge-4.0.3
[00:58:03] [modloading-worker-0/INFO] - betterwitchhuts: 1.20-Forge-3.0.3
[00:58:03] [modloading-worker-0/INFO] - biomesoplenty: 19.0.0.96
[00:58:03] [modloading-worker-0/INFO] - biomeswevegone: 1.6.0
[00:58:03] [modloading-worker-0/INFO] - blades_of_the_fallen: 1.4.1
[00:58:03] [modloading-worker-0/INFO] - bloodmagic: 3.3.3-45
[00:58:03] [modloading-worker-0/INFO] - bloom_boom: 1.0.0
[00:58:03] [modloading-worker-0/INFO] - blue_skies: 1.3.31
[00:58:03] [modloading-worker-0/INFO] - blueprint: 7.1.3
[00:58:03] [modloading-worker-0/INFO] - bookshelf: 20.2.13
[00:58:03] [modloading-worker-0/INFO] - botania: 1.20.1-448-FORGE
[00:58:03] [modloading-worker-0/INFO] - bucketlib: 1.20.1-2.3.7.1
[00:58:03] [modloading-worker-0/INFO] - butchersdelight: 1.20.12.1.0
[00:58:03] [modloading-worker-0/INFO] - carbonconfig: 1.20-1.2.7.1
[00:58:03] [modloading-worker-0/INFO] - cataclysm: 2.65
[00:58:03] [modloading-worker-0/INFO] - cclayer: 0.beta.18
[00:58:03] [modloading-worker-0/INFO] - celestisynth: 1.20.1-1.3.1
[00:58:03] [modloading-worker-0/INFO] - chefsdelight: 1.0.3-forge-1.20.1
[00:58:03] [modloading-worker-0/INFO] - chest_with_legs: 2.0.2
[00:58:03] [modloading-worker-0/INFO] - chipped: 3.0.7
[00:58:03] [modloading-worker-0/INFO] - chunkpregen: 1.20-4.4.4
[00:58:03] [modloading-worker-0/INFO] - chunky: 1.3.146
[00:58:03] [modloading-worker-0/INFO] - citadel: 2.6.1
[00:58:03] [modloading-worker-0/INFO] - clienttweaks: 11.1.3
[00:58:03] [modloading-worker-0/INFO] - cloth_config: 11.1.136
[00:58:03] [modloading-worker-0/INFO] - clumps: 12.0.0.4
[00:58:03] [modloading-worker-0/INFO] - cofh_core: 11.0.2
[00:58:03] [modloading-worker-0/INFO] - connectivity: 1.20.1-7.1
[00:58:03] [modloading-worker-0/INFO] - connectormod: 1.0.0-beta.46+1.20.1
[00:58:03] [modloading-worker-0/INFO] - corgilib: 4.0.3.4
[00:58:03] [modloading-worker-0/INFO] - corn_delight: 1.1.8-1.20.1
[00:58:03] [modloading-worker-0/INFO] - crafttweaker: 14.0.57
[00:58:03] [modloading-worker-0/INFO] - creature_compendium: 1.3.1
[00:58:03] [modloading-worker-0/INFO] - cristellib: 1.1.6
[00:58:03] [modloading-worker-0/INFO] - crystalcraft_unlimited_java: 1.0.0
[00:58:03] [modloading-worker-0/INFO] - culturaldelights: 0.16.5
[00:58:03] [modloading-worker-0/INFO] - cumulus_menus: 1.20.1-1.0.1-neoforge
[00:58:03] [modloading-worker-0/INFO] - cupboard: 1.20.1-2.7
[00:58:03] [modloading-worker-0/INFO] - curios: 7.4.0+1.20.1
[00:58:03] [modloading-worker-0/INFO] - deeperdarker: 1.3.3
[00:58:03] [modloading-worker-0/INFO] - delightful: 3.7.2
[00:58:03] [modloading-worker-0/INFO] - displaydelight: 1.2.0
[00:58:03] [modloading-worker-0/INFO] - dtaether: 1.20.1-1.3.1
[00:58:03] [modloading-worker-0/INFO] - dtalexsmobs: 1.20.1-1.0.0
[00:58:03] [modloading-worker-0/INFO] - dtarsnouveau: 1.20.1-1.2.0
[00:58:03] [modloading-worker-0/INFO] - dtautumnity: 1.20.1-1.3.2
[00:58:03] [modloading-worker-0/INFO] - dtbop: 1.20.1-3.3.2
[00:58:03] [modloading-worker-0/INFO] - dtbwg: 1.20.1-1.0.4
[00:58:03] [modloading-worker-0/INFO] - dtecologics: 1.20.1-1.1.0
[00:58:03] [modloading-worker-0/INFO] - dtforbiddenarcanus: 1.20.1-1.4.0
[00:58:03] [modloading-worker-0/INFO] - dthexerei: 1.20.1-1.2.0
[00:58:03] [modloading-worker-0/INFO] - dtnaturesaura: 1.20.1-1.4.0
[00:58:03] [modloading-worker-0/INFO] - dtphc2: 1.20.1-1.3.1
[00:58:03] [modloading-worker-0/INFO] - dtru: 1.20.1-1.0.1
[00:58:03] [modloading-worker-0/INFO] - dtterralith: 1.20.1-1.2.5
[00:58:03] [modloading-worker-0/INFO] - dttwilightforest: 1.20.1-2.2.0-BETA2
[00:58:03] [modloading-worker-0/INFO] - dungeoncrawl: 2.3.15
[00:58:03] [modloading-worker-0/INFO] - dynamictrees: 1.20.1-1.4.5
[00:58:03] [modloading-worker-0/INFO] - dynamictreesplus: 1.20.1-1.2.1
[00:58:03] [modloading-worker-0/INFO] - dynmap: 3.6-899
[00:58:03] [modloading-worker-0/INFO] - easier_sleeping: 2.1.3
[00:58:03] [modloading-worker-0/INFO] - ec_lec_plugin: 2.0.4
[00:58:03] [modloading-worker-0/INFO] - ecologics: 2.2.0
[00:58:03] [modloading-worker-0/INFO] - embeddium: 0.3.31+mc1.20.1
[00:58:03] [modloading-worker-0/INFO] - enchdesc: 17.1.19
[00:58:03] [modloading-worker-0/INFO] - endergetic: 5.0.1
[00:58:03] [modloading-worker-0/INFO] - endersdelight: 1.1.3
[00:58:03] [modloading-worker-0/INFO] - ends_delight: 2.4
[00:58:03] [modloading-worker-0/INFO] - enlightened_end: 5.0.14
[00:58:03] [modloading-worker-0/INFO] - environmental: 4.0.1
[00:58:03] [modloading-worker-0/INFO] - exoticbirds: 1.0.0
[00:58:03] [modloading-worker-0/INFO] - expandability: 9.0.4
[00:58:03] [modloading-worker-0/INFO] - expanded_combat: 3.2.6
[00:58:03] [modloading-worker-0/INFO] - fabric_api: 0.92.2+1.11.12+1.20.1
[00:58:03] [modloading-worker-0/INFO] - fabric_api_base: 0.4.31+ef105b4977
[00:58:03] [modloading-worker-0/INFO] - fabric_api_lookup_api_v1: 1.6.36+67f9824077
[00:58:03] [modloading-worker-0/INFO] - fabric_biome_api_v1: 13.0.13+dc36698e77
[00:58:03] [modloading-worker-0/INFO] - fabric_block_api_v1: 1.0.11+0e6cb7f777
[00:58:03] [modloading-worker-0/INFO] - fabric_block_view_api_v2: 1.0.1+0767707077
[00:58:03] [modloading-worker-0/INFO] - fabric_blockrenderlayer_v1: 1.1.41+1d0da21e77
[00:58:03] [modloading-worker-0/INFO] - fabric_client_tags_api_v1: 1.1.2+5d6761b877
[00:58:03] [modloading-worker-0/INFO] - fabric_command_api_v1: 1.2.34+f71b366f77
[00:58:03] [modloading-worker-0/INFO] - fabric_command_api_v2: 2.2.13+561530ec77
[00:58:03] [modloading-worker-0/INFO] - fabric_content_registries_v0: 4.0.11+a670df1e77
[00:58:03] [modloading-worker-0/INFO] - fabric_convention_tags_v1: 1.5.5+fa3d1c0177
[00:58:03] [modloading-worker-0/INFO] - fabric_data_attachment_api_v1: 1.0.0+30ef839e77
[00:58:03] [modloading-worker-0/INFO] - fabric_data_generation_api_v1: 12.3.4+369cb3a477
[00:58:03] [modloading-worker-0/INFO] - fabric_dimensions_v1: 2.1.54+8005d10d77
[00:58:03] [modloading-worker-0/INFO] - fabric_entity_events_v1: 1.6.0+6274ab9d77
[00:58:03] [modloading-worker-0/INFO] - fabric_events_interaction_v0: 0.6.2+0d0bd5a777
[00:58:03] [modloading-worker-0/INFO] - fabric_game_rule_api_v1: 1.0.40+683d4da877
[00:58:03] [modloading-worker-0/INFO] - fabric_item_api_v1: 2.1.28+4d0bbcfa77
[00:58:03] [modloading-worker-0/INFO] - fabric_item_group_api_v1: 4.0.12+c9161c2d77
[00:58:03] [modloading-worker-0/INFO] - fabric_key_binding_api_v1: 1.0.37+561530ec77
[00:58:03] [modloading-worker-0/INFO] - fabric_lifecycle_events_v1: 2.2.22+afab492177
[00:58:03] [modloading-worker-0/INFO] - fabric_loot_api_v2: 1.2.1+eb28f93e77
[00:58:03] [modloading-worker-0/INFO] - fabric_message_api_v1: 5.1.9+52cc178c77
[00:58:03] [modloading-worker-0/INFO] - fabric_mining_level_api_v1: 2.1.50+561530ec77
[00:58:03] [modloading-worker-0/INFO] - fabric_model_loading_api_v1: 1.0.3+6274ab9d77
[00:58:03] [modloading-worker-0/INFO] - fabric_models_v0: 0.4.2+7c3892a477
[00:58:03] [modloading-worker-0/INFO] - fabric_networking_api_v1: 1.3.11+503a202477
[00:58:03] [modloading-worker-0/INFO] - fabric_object_builder_api_v1: 11.1.3+2174fc8477
[00:58:03] [modloading-worker-0/INFO] - fabric_particles_v1: 1.1.2+78e1ecb877
[00:58:03] [modloading-worker-0/INFO] - fabric_recipe_api_v1: 1.0.21+514a076577
[00:58:03] [modloading-worker-0/INFO] - fabric_registry_sync_v0: 2.3.3+1c0ea72177
[00:58:03] [modloading-worker-0/INFO] - fabric_renderer_api_v1: 3.2.1+cf68abbe77
[00:58:03] [modloading-worker-0/INFO] - fabric_renderer_indigo: 1.5.2+b5b2da4177
[00:58:03] [modloading-worker-0/INFO] - fabric_rendering_data_attachment_v1: 0.3.37+a6081afc77
[00:58:03] [modloading-worker-0/INFO] - fabric_rendering_fluids_v1: 3.0.28+4ac5e37a77
[00:58:03] [modloading-worker-0/INFO] - fabric_rendering_v1: 3.0.8+66e9a48f77
[00:58:03] [modloading-worker-0/INFO] - fabric_resource_conditions_api_v1: 2.3.8+9e342fc177
[00:58:03] [modloading-worker-0/INFO] - fabric_resource_loader_v0: 0.11.10+bcd08ed377
[00:58:03] [modloading-worker-0/INFO] - fabric_screen_api_v1: 2.0.8+45a670a577
[00:58:03] [modloading-worker-0/INFO] - fabric_screen_handler_api_v1: 1.3.30+561530ec77
[00:58:03] [modloading-worker-0/INFO] - fabric_sound_api_v1: 1.0.13+4f23bd8477
[00:58:03] [modloading-worker-0/INFO] - fabric_transfer_api_v1: 3.3.5+631c9cd677
[00:58:03] [modloading-worker-0/INFO] - fabric_transitive_access_wideners_v1: 4.3.1+1880499877
[00:58:03] [modloading-worker-0/INFO] - farmersdelight: 1.20.1-1.2.8
[00:58:03] [modloading-worker-0/INFO] - fastbench: 8.0.4
[00:58:03] [modloading-worker-0/INFO] - fastboot: 1.2
[00:58:03] [modloading-worker-0/INFO] - fastfurnace: 8.0.2
[00:58:03] [modloading-worker-0/INFO] - fastsuite: 5.1.0
[00:58:03] [modloading-worker-0/INFO] - ferritecore: 6.0.1
[00:58:03] [modloading-worker-0/INFO] - findme: 3.2.1
[00:58:03] [modloading-worker-0/INFO] - flib: 0.0.15
[00:58:03] [modloading-worker-0/INFO] - forbidden_arcanus: 1.20.1-2.2.6
[00:58:03] [modloading-worker-0/INFO] - forge: 47.4.0
[00:58:03] [modloading-worker-0/INFO] - framework: 0.7.15
[00:58:03] [modloading-worker-0/INFO] - friendlyfire: 18.0.7
[00:58:03] [modloading-worker-0/INFO] - fruitsdelight: 1.0.22
[00:58:03] [modloading-worker-0/INFO] - ftbchunks: 2001.3.6
[00:58:03] [modloading-worker-0/INFO] - ftbessentials: 2001.2.3
[00:58:03] [modloading-worker-0/INFO] - ftblibrary: 2001.2.9
[00:58:03] [modloading-worker-0/INFO] - ftbteams: 2001.3.1
[00:58:03] [modloading-worker-0/INFO] - geckolib: 4.7.2
[00:58:03] [modloading-worker-0/INFO] - glitchcore: 0.0.1.1
[00:58:03] [modloading-worker-0/INFO] - growthcraft: 9.2.1
[00:58:03] [modloading-worker-0/INFO] - growthcraft_apiary: 9.2.1
[00:58:03] [modloading-worker-0/INFO] - growthcraft_apples: 9.2.1
[00:58:03] [modloading-worker-0/INFO] - growthcraft_bamboo: 9.2.1
[00:58:03] [modloading-worker-0/INFO] - growthcraft_cellar: 9.2.1
[00:58:03] [modloading-worker-0/INFO] - growthcraft_milk: 9.2.1
[00:58:03] [modloading-worker-0/INFO] - growthcraft_rice: 9.2.1
[00:58:03] [modloading-worker-0/INFO] - handtohand: 1.0.2
[00:58:03] [modloading-worker-0/INFO] - haybalelib: 1.0.2
[00:58:03] [modloading-worker-0/INFO] - hexerei: 1.20.1-0.4.2.3
[00:58:03] [modloading-worker-0/INFO] - humancompanions: 1.20.1-1.7.6
[00:58:03] [modloading-worker-0/INFO] - i_wanna_travel: 0.3
[00:58:03] [modloading-worker-0/INFO] - iceandfire: 2.1.13-1.20.1
[00:58:03] [modloading-worker-0/INFO] - immersivelanterns: 1.0.6
[00:58:03] [modloading-worker-0/INFO] - inventoryhud: 3.4.26
[00:58:03] [modloading-worker-0/INFO] - item_scrapper: 1.2.5
[00:58:03] [modloading-worker-0/INFO] - item_scrapper_armorandtools: 1.0.0
[00:58:03] [modloading-worker-0/INFO] - jade: 11.13.1+forge
[00:58:03] [modloading-worker-0/INFO] - jei: 15.20.0.106
[00:58:03] [modloading-worker-0/INFO] - journeymap: 5.10.3
[00:58:03] [modloading-worker-0/INFO] - journeymapteams: 1.1.1
[00:58:03] [modloading-worker-0/INFO] - justzoom: 2.1.1
[00:58:03] [modloading-worker-0/INFO] - konkrete: 1.8.0
[00:58:03] [modloading-worker-0/INFO] - kuma_api: 20.1.10
[00:58:03] [modloading-worker-0/INFO] - l2harvester: 0.1.0
[00:58:03] [modloading-worker-0/INFO] - l2library: 2.4.16
[00:58:03] [modloading-worker-0/INFO] - lionfishapi: 2.4-Fix
[00:58:03] [modloading-worker-0/INFO] - lootintegration_townsandtowers: 1
[00:58:03] [modloading-worker-0/INFO] - lootintegrations: 1.20.1-4.7
[00:58:03] [modloading-worker-0/INFO] - luminous_beasts: 1.2.51
[00:58:03] [modloading-worker-0/INFO] - luminous_monsters: 1.2.7
[00:58:03] [modloading-worker-0/INFO] - luminous_nether: 1.2.7
[00:58:03] [modloading-worker-0/INFO] - luminoustag: 1.1
[00:58:03] [modloading-worker-0/INFO] - luminousworld: 1.5.2
[00:58:03] [modloading-worker-0/INFO] - magical_relics: 1.20.1-3.6.1
[00:58:03] [modloading-worker-0/INFO] - magicaljewelry: 1.20.1_1.6.0
[00:58:03] [modloading-worker-0/INFO] - mahou_tsukai_combat: 1.0.2
[00:58:03] [modloading-worker-0/INFO] - mahoutsukai: 1.20.1-v1.34.78
[00:58:03] [modloading-worker-0/INFO] - majruszlibrary: 7.0.8
[00:58:03] [modloading-worker-0/INFO] - majruszsaccessories: 1.5.3
[00:58:03] [modloading-worker-0/INFO] - majruszsenchantments: 1.10.8
[00:58:03] [modloading-worker-0/INFO] - mcb: 1.0.0
[00:58:03] [modloading-worker-0/INFO] - mcjtylib: 1.20-8.0.7
[00:58:03] [modloading-worker-0/INFO] - mcwbiomesoplenty: 1.20.1-1.2.1
[00:58:03] [modloading-worker-0/INFO] - mcwbridges: 3.1.0
[00:58:03] [modloading-worker-0/INFO] - mcwdoors: 1.1.2
[00:58:03] [modloading-worker-0/INFO] - mcwfences: 1.2.0
[00:58:03] [modloading-worker-0/INFO] - mcwfurnitures: 3.3.0
[00:58:03] [modloading-worker-0/INFO] - mcwlights: 1.1.2
[00:58:03] [modloading-worker-0/INFO] - mcwpaintings: 1.0.5
[00:58:03] [modloading-worker-0/INFO] - mcwpaths: 1.1.0
[00:58:03] [modloading-worker-0/INFO] - mcwroofs: 2.3.2
[00:58:03] [modloading-worker-0/INFO] - mcwstairs: 1.0.1
[00:58:03] [modloading-worker-0/INFO] - mcwtrpdoors: 1.1.4
[00:58:03] [modloading-worker-0/INFO] - mcwwindows: 2.3.0
[00:58:03] [modloading-worker-0/INFO] - mes: 1.3.4-1.20-forge
[00:58:03] [modloading-worker-0/INFO] - midnightlib: 1.4.2
[00:58:03] [modloading-worker-0/INFO] - minecraft: 1.20.1
[00:58:03] [modloading-worker-0/INFO] - miners_delight: 1.20.1-1.2.3
[00:58:03] [modloading-worker-0/INFO] - mixinextras: 0.2.0-beta.9
[00:58:03] [modloading-worker-0/INFO] - mixinsquared: 0.2.0
[00:58:03] [modloading-worker-0/INFO] - modernfix: 5.23.1+mc1.20.1
[00:58:03] [modloading-worker-0/INFO] - moonlight: 1.20-2.14.4
[00:58:03] [modloading-worker-0/INFO] - mousetweaks: 2.25.1
[00:58:03] [modloading-worker-0/INFO] - mowziesmobs: 1.7.3
[00:58:03] [modloading-worker-0/INFO] - music_stage_mod: 4.5
[00:58:03] [modloading-worker-0/INFO] - mutil: 6.2.0
[00:58:03] [modloading-worker-0/INFO] - mvs: 4.1.5-1.20-forge
[00:58:03] [modloading-worker-0/INFO] - mynethersdelight: 1.20.1-1.7.5
[00:58:03] [modloading-worker-0/INFO] - mysterious_mountain_lib: 1.5.22-1.20.1
[00:58:03] [modloading-worker-0/INFO] - naturalist: 5.0pre2
[00:58:03] [modloading-worker-0/INFO] - naturesaura: 39.4
[00:58:03] [modloading-worker-0/INFO] - neat: 1.20.1-41-FORGE
[00:58:03] [modloading-worker-0/INFO] - nebulus_knight_castle: 1.0.6
[00:58:03] [modloading-worker-0/INFO] - nethersdelight: 1.20.1-4.0
[00:58:03] [modloading-worker-0/INFO] - nitrogen_internals: 1.20.1-1.0.12-neoforge
[00:58:03] [modloading-worker-0/INFO] - noseenotick: 2.0.0-build.9999
[00:58:03] [modloading-worker-0/INFO] - nourished_nether: 0.2.5
[00:58:03] [modloading-worker-0/INFO] - nullscape: 1.2.8
[00:58:03] [modloading-worker-0/INFO] - oceansdelight: 1.0.2-1.20
[00:58:03] [modloading-worker-0/INFO] - octolib: 0.5.0.1
[00:58:03] [modloading-worker-0/INFO] - ohthetreesyoullgrow: 1.3.13
[00:58:03] [modloading-worker-0/INFO] - palladiumcore: 1.20-2.0.0.0
[00:58:03] [modloading-worker-0/INFO] - pamhc2trees: 1.0.2
[00:58:03] [modloading-worker-0/INFO] - patchouli: 1.20.1-84.1-FORGE
[00:58:03] [modloading-worker-0/INFO] - placeable_food: 2.6.0
[00:58:03] [modloading-worker-0/INFO] - placebo: 8.6.3
[00:58:03] [modloading-worker-0/INFO] - playeranimator: 1.0.2-rc1+1.20
[00:58:03] [modloading-worker-0/INFO] - pretension: 1.0.0
[00:58:03] [modloading-worker-0/INFO] - quarkdelight: 1.0.0
[00:58:03] [modloading-worker-0/INFO] - raccompat: 0.1.3
[00:58:03] [modloading-worker-0/INFO] - ramcompat: 0.1.4
[00:58:03] [modloading-worker-0/INFO] - rediscovered: 2.1.0
[00:58:03] [modloading-worker-0/INFO] - regions_unexplored: 0.5.6
[00:58:03] [modloading-worker-0/INFO] - relics: 0.8.0.9
[00:58:03] [modloading-worker-0/INFO] - resourcefullib: 2.1.29
[00:58:03] [modloading-worker-0/INFO] - rftoolsbase: 1.20-5.0.6
[00:58:03] [modloading-worker-0/INFO] - ribbits: 1.20.1-Forge-3.0.4
[00:58:03] [modloading-worker-0/INFO] - roughlyenoughitems_servercomponent: 12.1.785
[00:58:03] [modloading-worker-0/INFO] - rubidium: 0.7.1
[00:58:03] [modloading-worker-0/INFO] - rustic_engineer: 1.1.3
[00:58:03] [modloading-worker-0/INFO] - rusticdelight: 1.4.1
[00:58:03] [modloading-worker-0/INFO] - saturn: 0.1.3
[00:58:03] [modloading-worker-0/INFO] - scaffoldingpower: 1.4.0
[00:58:03] [modloading-worker-0/INFO] - sfl: 2.0.1
[00:58:03] [modloading-worker-0/INFO] - simplecorelib: 1.20.1-6.0.1.2
[00:58:03] [modloading-worker-0/INFO] - simpleores: 1.20.1-6.0.0.3
[00:58:03] [modloading-worker-0/INFO] - simplymore: 1.1.3
[00:58:03] [modloading-worker-0/INFO] - simplyswords: 1.56.0-1.20.1
[00:58:03] [modloading-worker-0/INFO] - skyarena: 1.2.8
[00:58:03] [modloading-worker-0/INFO] - smoothchunk: 1.20.1-4.1
[00:58:03] [modloading-worker-0/INFO] - sodiumdynamiclights: 1.0.9
[00:58:03] [modloading-worker-0/INFO] - sodiumoptionsapi: 1.0.10
[00:58:03] [modloading-worker-0/INFO] - sophisticatedbackpacks: 3.23.19.1251
[00:58:03] [modloading-worker-0/INFO] - sophisticatedcore: 1.2.69.1005
[00:58:03] [modloading-worker-0/INFO] - spark: 1.10.53
[00:58:03] [modloading-worker-0/INFO] - spartanaether: 1.1.1
[00:58:03] [modloading-worker-0/INFO] - spartanfire: 2.1.0
[00:58:03] [modloading-worker-0/INFO] - spartanfireextras: 1.1
[00:58:03] [modloading-worker-0/INFO] - spartanshields: 3.1.1
[00:58:03] [modloading-worker-0/INFO] - spartansimpleores: 2.2.0
[00:58:03] [modloading-worker-0/INFO] - spartanskies: 1.20.1-1.2.0
[00:58:03] [modloading-worker-0/INFO] - spartantoolkit: 1.20.1-1.5.2
[00:58:03] [modloading-worker-0/INFO] - spartantwilight: 3.1.0
[00:58:03] [modloading-worker-0/INFO] - spartanundergarden: 1.20.1-1.1.0
[00:58:03] [modloading-worker-0/INFO] - spartanweaponry: 3.1.3
[00:58:03] [modloading-worker-0/INFO] - stalwart_dungeons: 1.2.8
[00:58:03] [modloading-worker-0/INFO] - storagedelight: 25.03.09-1.20-forge
[00:58:03] [modloading-worker-0/INFO] - storagenetwork: 1.12.2
[00:58:03] [modloading-worker-0/INFO] - strawgolem: 3.1.1
[00:58:03] [modloading-worker-0/INFO] - structure_gel: 2.16.2
[00:58:03] [modloading-worker-0/INFO] - supplementaries: 1.20-3.1.31
[00:58:03] [modloading-worker-0/INFO] - t_and_t: 0.0NONE
[00:58:03] [modloading-worker-0/INFO] - taxav: 1.1.0
[00:58:03] [modloading-worker-0/INFO] - taxcp: 1.0.1
[00:58:03] [modloading-worker-0/INFO] - taxdv: 2.0.0
[00:58:03] [modloading-worker-0/INFO] - taxov: 4.0.1
[00:58:03] [modloading-worker-0/INFO] - taxtc: 1.2.0
[00:58:03] [modloading-worker-0/INFO] - taxup: 1.0.0
[00:58:03] [modloading-worker-0/INFO] - taxva: 1.1.1
[00:58:03] [modloading-worker-0/INFO] - terrablender: 3.0.1.10
[00:58:03] [modloading-worker-0/INFO] - terralith: 2.5.4
[00:58:03] [modloading-worker-0/INFO] - tetra: 6.9.0
[00:58:03] [modloading-worker-0/INFO] - thesubmarinemod: 1.0.0
[00:58:03] [modloading-worker-0/INFO] - timecontrol: 1.6.0
[00:58:03] [modloading-worker-0/INFO] - tombstone: 8.9.7
[00:58:03] [modloading-worker-0/INFO] - toofast: 0.4.3.5
[00:58:03] [modloading-worker-0/INFO] - trashslot: 15.1.2
[00:58:03] [modloading-worker-0/INFO] - twilightdelight: 2.0.15
[00:58:03] [modloading-worker-0/INFO] - twilightforest: 4.3.2508
[00:58:03] [modloading-worker-0/INFO] - txnilib: 1.0.24
[00:58:03] [modloading-worker-0/INFO] - undergarden: 0.8.14
[00:58:03] [modloading-worker-0/INFO] - undergardendelight: 1.1.2
[00:58:03] [modloading-worker-0/INFO] - unusualend: 2.3.0
[00:58:03] [modloading-worker-0/INFO] - unusualfishmod: 1.1.8
[00:58:03] [modloading-worker-0/INFO] - unusualprehistory: 1.5.0.3
[00:58:03] [modloading-worker-0/INFO] - valhelsia_core: 1.1.2
[00:58:03] [modloading-worker-0/INFO] - vc_gliders: 1.1.7
[00:58:03] [modloading-worker-0/INFO] - vegandelight: 1.4
[00:58:03] [modloading-worker-0/INFO] - vminus: 3.2.7
[00:58:03] [modloading-worker-0/INFO] - waddles: 0.9.4
[00:58:03] [modloading-worker-0/INFO] - wan_ancient_beasts: 1.2.1
[00:58:03] [modloading-worker-0/INFO] - waystones: 14.1.13
[00:58:03] [modloading-worker-0/INFO] - wolfswordmod: 1.0.0
[00:58:03] [modloading-worker-0/INFO] - xnet: 1.20-6.1.6
[00:58:03] [modloading-worker-0/INFO] - yungsapi: 1.20-Forge-4.0.6
[00:58:03] [modloading-worker-0/INFO] - yungscavebiomes: 1.20.1-Forge-2.0.5
[00:58:03] [modloading-worker-0/INFO] - zeta: 1.0-30
[00:58:03] [modloading-worker-0/INFO] ========================================
[00:58:03] [modloading-worker-0/INFO] [REI] Registered plugin provider AetherREIServerPlugin [aether] for REIPlugin
[00:58:03] [modloading-worker-0/INFO] [REI] Registered plugin provider CoreReiCommonPlugin [sophisticatedcore] for REIPlugin
[00:58:03] [modloading-worker-0/INFO] [REI] Registered plugin provider BackpackReiCommonPlugin [sophisticatedbackpacks] for REIPlugin
[00:58:03] [modloading-worker-0/INFO] [REI] Registered plugin provider DefaultPluginImpl [roughlyenoughitems] for REIServerPlugin
[00:58:03] [modloading-worker-0/INFO] [REI] Registered plugin provider DefaultPluginImpl [roughlyenoughitems] for REIPlugin
[00:58:03] [modloading-worker-0/INFO] [REI] Registered plugin provider DefaultRuntimePlugin [roughlyenoughitems] for REIServerPlugin
[00:58:03] [modloading-worker-0/INFO] [REI] Registered plugin provider DefaultRuntimePlugin [roughlyenoughitems] for REIPlugin
[00:58:03] [modloading-worker-0/INFO] [REI] Registered plugin provider AetherREIServerPlugin [aether] for REIServerPlugin
[00:58:03] [modloading-worker-0/INFO] [REI] Registered plugin provider CoreReiCommonPlugin [sophisticatedcore] for REIServerPlugin
[00:58:03] [modloading-worker-0/INFO] [REI] Registered plugin provider BackpackReiCommonPlugin [sophisticatedbackpacks] for REIServerPlugin
